#
# There is insufficient memory for the Java Runtime Environment to continue.
# Native memory allocation (malloc) failed to allocate 368656 bytes for Chunk::new
# Possible reasons:
#   The system is out of physical RAM or swap space
#   The process is running with CompressedOops enabled, and the Java Heap may be blocking the growth of the native heap
# Possible solutions:
#   Reduce memory load on the system
#   Increase physical memory or swap space
#   Check if swap backing store is full
#   Decrease Java heap size (-Xmx/-Xms)
#   Decrease number of Java threads
#   Decrease Java thread stack sizes (-Xss)
#   Set larger code cache with -XX:ReservedCodeCacheSize=
#   JVM is running with Zero Based Compressed Oops mode in which the Java heap is
#     placed in the first 32GB address space. The Java Heap base address is the
#     maximum limit for the native heap growth. Please use -XX:HeapBaseMinAddress
#     to set the Java Heap base and to place the Java Heap above 32GB virtual address.
# This output file may be truncated or incomplete.
#
#  Out of Memory Error (allocation.cpp:389), pid=12968, tid=0x0000000000005444
#
# JRE version:  (8.0_202-b08) (build )
# Java VM: Java HotSpot(TM) 64-Bit Server VM (25.202-b08 mixed mode windows-amd64 compressed oops)
# Failed to write core dump. Minidumps are not enabled by default on client versions of Windows
#

---------------  T H R E A D  ---------------

Current thread (0x0000000003012800):  JavaThread "Unknown thread" [_thread_in_vm, id=21572, stack(0x0000000002d70000,0x0000000002e70000)]

Stack: [0x0000000002d70000,0x0000000002e70000]
[error occurred during error reporting (printing stack bounds), id 0xc0000005]

Native frames: (J=compiled Java code, j=interpreted, Vv=VM code, C=native code)


---------------  P R O C E S S  ---------------

Java Threads: ( => current thread )

Other Threads:

=>0x0000000003012800 (exited) JavaThread "Unknown thread" [_thread_in_vm, id=21572, stack(0x0000000002d70000,0x0000000002e70000)]

VM state:not at safepoint (not fully initialized)

VM Mutex/Monitor currently owned by a thread: None

heap address: 0x00000006c3600000, size: 4042 MB, Compressed Oops mode: Zero based, Oop shift amount: 3
Narrow klass base: 0x0000000000000000, Narrow klass shift: 3
Compressed class space size: 1073741824 Address: 0x00000007c0000000

GC Heap History (0 events):
No events

Deoptimization events (0 events):
No events

Classes redefined (0 events):
No events

Internal exceptions (0 events):
No events

Events (0 events):
No events


Dynamic libraries:
0x00007ff7d6740000 - 0x00007ff7d6777000 	C:\Program Files\Java\jdk1.8.0_202\bin\java.exe
0x00007ffb25580000 - 0x00007ffb2576d000 	C:\windows\SYSTEM32\ntdll.dll
0x00007ffb24f10000 - 0x00007ffb24fc3000 	C:\windows\System32\KERNEL32.DLL
0x00007ffb21a30000 - 0x00007ffb21cc3000 	C:\windows\System32\KERNELBASE.dll
0x00007ffb22aa0000 - 0x00007ffb22b43000 	C:\windows\System32\ADVAPI32.dll
0x00007ffb24700000 - 0x00007ffb2479e000 	C:\windows\System32\msvcrt.dll
0x00007ffb24950000 - 0x00007ffb249ee000 	C:\windows\System32\sechost.dll
0x00007ffb24820000 - 0x00007ffb24942000 	C:\windows\System32\RPCRT4.dll
0x00007ffb24550000 - 0x00007ffb246e7000 	C:\windows\System32\USER32.dll
0x00007ffb21f40000 - 0x00007ffb21f60000 	C:\windows\System32\win32u.dll
0x00007ffb249f0000 - 0x00007ffb24a19000 	C:\windows\System32\GDI32.dll
0x00007ffb21da0000 - 0x00007ffb21f39000 	C:\windows\System32\gdi32full.dll
0x00007ffb21d00000 - 0x00007ffb21da0000 	C:\windows\System32\msvcp_win.dll
0x00007ffb21890000 - 0x00007ffb2198a000 	C:\windows\System32\ucrtbase.dll
0x00007ffb18f80000 - 0x00007ffb191f9000 	C:\windows\WinSxS\amd64_microsoft.windows.common-controls_6595b64144ccf1df_6.0.17763.678_none_05b74150071d72bf\COMCTL32.dll
0x00007ffb24170000 - 0x00007ffb2449c000 	C:\windows\System32\combase.dll
0x00007ffb219b0000 - 0x00007ffb21a2e000 	C:\windows\System32\bcryptPrimitives.dll
0x00007ffb22960000 - 0x00007ffb2298e000 	C:\windows\System32\IMM32.DLL
0x0000000059230000 - 0x0000000059302000 	C:\Program Files\Java\jdk1.8.0_202\jre\bin\msvcr100.dll
0x0000000058980000 - 0x0000000059225000 	C:\Program Files\Java\jdk1.8.0_202\jre\bin\server\jvm.dll
0x00007ffb246f0000 - 0x00007ffb246f8000 	C:\windows\System32\PSAPI.DLL
0x00007ffb192a0000 - 0x00007ffb192a9000 	C:\windows\SYSTEM32\WSOCK32.dll
0x00007ffb205a0000 - 0x00007ffb205aa000 	C:\windows\SYSTEM32\VERSION.dll
0x00007ffb24a20000 - 0x00007ffb24a8d000 	C:\windows\System32\WS2_32.dll
0x00007ffb1f730000 - 0x00007ffb1f754000 	C:\windows\SYSTEM32\WINMM.dll
0x00007ffb1f700000 - 0x00007ffb1f72d000 	C:\windows\SYSTEM32\WINMMBASE.dll
0x00007ffb22760000 - 0x00007ffb227aa000 	C:\windows\System32\cfgmgr32.dll
0x00007ffb1a180000 - 0x00007ffb1a18f000 	C:\Program Files\Java\jdk1.8.0_202\jre\bin\verify.dll
0x00007ffb0fcf0000 - 0x00007ffb0fd19000 	C:\Program Files\Java\jdk1.8.0_202\jre\bin\java.dll
0x00007ffb01580000 - 0x00007ffb015a3000 	C:\Program Files\Java\jdk1.8.0_202\jre\bin\instrument.dll
0x00007ffb10400000 - 0x00007ffb10416000 	C:\Program Files\Java\jdk1.8.0_202\jre\bin\zip.dll

VM Arguments:
jvm_args: -Dmaven.multiModuleProjectDirectory=C:\Users\work\Desktop\我的内容\sell-order -Dmaven.home=D:\java\package\IntelliJ IDEA 2019.1.3\plugins\maven\lib\maven3 -Dclassworlds.conf=D:\java\package\IntelliJ IDEA 2019.1.3\plugins\maven\lib\maven3\bin\m2.conf -javaagent:D:\java\package\IntelliJ IDEA 2019.1.3\lib\idea_rt.jar=54888:D:\java\package\IntelliJ IDEA 2019.1.3\bin -Dfile.encoding=UTF-8 
java_command: org.codehaus.classworlds.Launcher -Didea.version2019.1.3 clean
java_class_path (initial): D:\java\package\IntelliJ IDEA 2019.1.3\plugins\maven\lib\maven3\boot\plexus-classworlds-2.5.2.jar;D:\java\package\IntelliJ IDEA 2019.1.3\lib\idea_rt.jar
Launcher Type: SUN_STANDARD

Environment Variables:
JAVA_HOME=C:\Program Files\Java\jdk1.8.0_202
CLASSPATH=.;C:\Program Files\Java\jdk1.8.0_202\lib\dt.jar;C:\Program Files\Java\jdk1.8.0_202\lib\tools.jar
PATH=D:\java\linux\xftp\;D:\java\linux\xshell\;C:\Program Files (x86)\Common Files\Oracle\Java\javapath;C:\windows\system32;C:\windows;C:\windows\System32\Wbem;C:\windows\System32\WindowsPowerShell\v1.0\;C:\windows\System32\OpenSSH\;C:\Program Files (x86)\Intel\Intel(R) Management Engine Components\DAL;C:\Program Files\Intel\Intel(R) Management Engine Components\DAL;C:\Program Files\Java\jdk1.8.0_202\bin;C:\Program Files\Java\jdk1.8.0_202\jre\bin;D:\java\package\apache-maven-3.5.3\bin;D:\java\package\Git\cmd;D:\other\erl\erl9.2\bin;D:\java\package\bin;C:\Users\work\AppData\Local\Microsoft\WindowsApps;
USERNAME=work
OS=Windows_NT
PROCESSOR_IDENTIFIER=Intel64 Family 6 Model 158 Stepping 10, GenuineIntel



---------------  S Y S T E M  ---------------

OS: Windows 10.0 , 64 bit Build 17763 (10.0.17763.475)

CPU:total 12 (initial active 12) (6 cores per cpu, 2 threads per core) family 6 model 158 stepping 10, cmov, cx8, fxsr, mmx, sse, sse2, sse3, ssse3, sse4.1, sse4.2, popcnt, avx, avx2, aes, clmul, erms, rtm, 3dnowpref, lzcnt, ht, tsc, tscinvbit, bmi1, bmi2, adx

Memory: 4k page, physical 16551208k(4962320k free), swap 32027556k(4240k free)

vm_info: Java HotSpot(TM) 64-Bit Server VM (25.202-b08) for windows-amd64 JRE (1.8.0_202-b08), built on Dec 15 2018 19:54:30 by "java_re" with MS VC++ 10.0 (VS2010)

time: Wed Aug 28 11:38:25 2019
timezone: 中国标准时间
elapsed time: 0 seconds (0d 0h 0m 0s)

